\BOOKMARK [-1][-]{part.1}{\376\377\000P\000a\000r\000t\000\040\0001\000.\000\040\000\040\122\250\122\233\174\373\176\337}{}% 1
\BOOKMARK [0][-]{section.0.1}{\376\377\0001\000.\000\040\122\250\122\233\174\373\176\337\166\204\151\202\137\365}{part.1}% 2
\BOOKMARK [1][-]{section.0.2}{\376\377\0002\000.\000\040\217\150\220\123\116\016\124\150\147\037\160\271}{section.0.1}% 3
\BOOKMARK [1][-]{section.0.3}{\376\377\0003\000.\000\040\147\201\226\120\160\271\116\016\227\136\156\070\203\141\160\271}{section.0.1}% 4
\BOOKMARK [1][-]{section.0.4}{\376\377\0004\000.\000\040\122\250\122\233\174\373\176\337\166\204\140\047\215\050}{section.0.1}% 5
\BOOKMARK [0][-]{chapter.1}{\376\377\000C\000h\000a\000p\000t\000e\000r\000\040\0001\000.\000\040\123\314\146\362\176\323\147\204}{part.1}% 6
\BOOKMARK [1][-]{section.1.1}{\376\377\0001\000.\000\040\000H\000a\000r\000t\000m\000a\000n\176\277\140\047\123\026}{chapter.1}% 7
\BOOKMARK [1][-]{section.1.2}{\376\377\0002\000.\000\040\123\314\146\362\176\277\140\047\146\040\134\004}{chapter.1}% 8
\BOOKMARK [1][-]{section.1.3}{\376\377\0003\000.\000\040\172\063\133\232\155\101\137\142\116\016\116\015\172\063\133\232\155\101\137\142}{chapter.1}% 9
\BOOKMARK [-1][-]{part.2}{\376\377\000P\000a\000r\000t\000\040\0002\000.\000\040\000\040\176\323\147\204\172\063\133\232\140\047}{}% 10
\BOOKMARK [0][-]{section.1.4}{\376\377\0004\000.\000\040\171\273\145\143\122\250\122\233\174\373\176\337\166\204\176\323\147\204\172\063\133\232\140\047}{part.2}% 11
\BOOKMARK [1][-]{section.1.5}{\376\377\0005\000.\000\040\217\336\176\355\122\250\122\233\174\373\176\337\166\204\176\323\147\204\172\063\133\232\140\047}{section.1.4}% 12
\BOOKMARK [-1][-]{part.3}{\376\377\000P\000a\000r\000t\000\040\0003\000.\000\040\000\040\176\306\161\046\160\271}{}% 13
\BOOKMARK [0][-]{section.1.6}{\376\377\0006\000.\000\040\137\256\122\006\145\271\172\013\166\204\123\314\146\362\136\163\210\141\160\271}{part.3}% 14
\BOOKMARK [1][-]{section.1.7}{\376\377\0007\000.\000\040\124\016\176\347\121\375\145\160\154\325}{section.1.6}% 15
\BOOKMARK [1][-]{section.1.8}{\376\377\0008\000.\000\040\137\142\137\017\176\247\145\160\154\325}{section.1.6}% 16
\BOOKMARK [1][-]{section.1.9}{\376\377\0009\000.\000\040\133\371\171\360\140\047}{section.1.6}% 17
\BOOKMARK [1][-]{section.1.10}{\376\377\0001\0000\000.\000\040\166\364\143\245\122\051\165\050\124\150\147\037\166\204\145\271\154\325}{section.1.6}% 18
\BOOKMARK [1][-]{section.1.11}{\376\377\0001\0001\000.\000\040\116\214\153\041\174\373\176\337\116\345\124\016\176\323\147\234}{section.1.6}% 19
\BOOKMARK [1][-]{section.1.12}{\376\377\0001\0002\000.\000\040\116\011\153\041\174\373\176\337\116\345\124\016\176\323\147\234}{section.1.6}% 20
\BOOKMARK [1][-]{section.1.13}{\376\377\0001\0003\000.\000\040\131\032\230\171\137\017\166\204\164\006\140\363\116\016\000S\000i\000n\000g\000u\000l\000a\000r\121\145\225\350}{section.1.6}% 21
